<?xml version="1.0" encoding="UTF-8"?>
<!-- Generated by org.testng.reporters.JUnitReportReporter -->
<testsuite hostname="LAPTOP-GLAJOS1C" failures="0" tests="1" name="samplePrograms.TestPrograms" time="0.049" errors="0" timestamp="2025-10-25T18:08:48 IST" skipped="0">
  <testcase classname="samplePrograms.TestPrograms" name="testArrayList" time="0.049"/>
</testsuite> <!-- samplePrograms.TestPrograms -->
