<?xml version="1.0" encoding="UTF-8"?>
<!-- Generated by org.testng.reporters.JUnitReportReporter -->
<testsuite hostname="LAPTOP-GLAJOS1C" failures="0" tests="1" name="runner.TestRunner" time="15.554" errors="0" timestamp="2025-10-22T23:31:41 IST" skipped="0">
  <testcase classname="runner.TestRunner" name="runScenario" time="15.554"/>
</testsuite> <!-- runner.TestRunner -->
