<?xml version="1.0" encoding="UTF-8"?>
<!-- Generated by org.testng.reporters.JUnitReportReporter -->
<testsuite hostname="LAPTOP-GLAJOS1C" failures="0" tests="1" name="runner.TestRunner" time="21.296" errors="0" timestamp="2025-10-22T00:21:18 IST" skipped="0">
  <testcase classname="runner.TestRunner" name="runScenario" time="21.296"/>
</testsuite> <!-- runner.TestRunner -->
