<?xml version="1.0" encoding="UTF-8"?>
<!-- Generated by org.testng.reporters.JUnitReportReporter -->
<testsuite hostname="LAPTOP-GLAJOS1C" failures="0" tests="1" name="runner.TestRunner" time="8.801" errors="0" timestamp="2025-10-25T13:25:53 IST" skipped="0">
  <testcase classname="runner.TestRunner" name="runScenario" time="8.801"/>
</testsuite> <!-- runner.TestRunner -->
