<?xml version="1.0" encoding="UTF-8"?>
<!-- Generated by org.testng.reporters.JUnitReportReporter -->
<testsuite hostname="LAPTOP-GLAJOS1C" failures="0" tests="1" name="runner.TestRunner" time="78.363" errors="0" timestamp="2025-11-01T22:22:43 IST" skipped="0">
  <testcase classname="runner.TestRunner" name="runScenario" time="78.363"/>
</testsuite> <!-- runner.TestRunner -->
